<?xml version="1.0" encoding="UTF-8"?>
<!-- Generated by org.testng.reporters.JUnitXMLReporter -->
<testsuite ignored="11" hostname="IN-HL5L1J3" failures="1" tests="1" name="Default test" time="8.103" errors="0" timestamp="14 Jul 2022 18:15:45 GMT">
  <testcase classname="com.MyExitTest.tests.OtherOptionsTest" name="GiftCards" time="3.127">
    <failure type="java.lang.AssertionError" message="Assertion on actual and expected title expected [true] but found [false]">
      <![CDATA[java.lang.AssertionError: Assertion on actual and expected title expected [true] but found [false]
at org.testng.Assert.fail(Assert.java:96)
at org.testng.Assert.failNotEquals(Assert.java:776)
at org.testng.Assert.assertTrue(Assert.java:44)
at com.MyExitTest.tests.OtherOptionsTest.GiftCards(OtherOptionsTest.java:361)
at java.base/jdk.internal.reflect.NativeMethodAccessorImpl.invoke0(Native Method)
at java.base/jdk.internal.reflect.NativeMethodAccessorImpl.invoke(NativeMethodAccessorImpl.java:62)
at java.base/jdk.internal.reflect.DelegatingMethodAccessorImpl.invoke(DelegatingMethodAccessorImpl.java:43)
at java.base/java.lang.reflect.Method.invoke(Method.java:566)
at org.testng.internal.MethodInvocationHelper.invokeMethod(MethodInvocationHelper.java:124)
at org.testng.internal.Invoker.invokeMethod(Invoker.java:583)
at org.testng.internal.Invoker.invokeTestMethod(Invoker.java:719)
at org.testng.internal.Invoker.invokeTestMethods(Invoker.java:989)
at org.testng.internal.TestMethodWorker.invokeTestMethods(TestMethodWorker.java:125)
at org.testng.internal.TestMethodWorker.run(TestMethodWorker.java:109)
at org.testng.TestRunner.privateRun(TestRunner.java:648)
at org.testng.TestRunner.run(TestRunner.java:505)
at org.testng.SuiteRunner.runTest(SuiteRunner.java:455)
at org.testng.SuiteRunner.runSequentially(SuiteRunner.java:450)
at org.testng.SuiteRunner.privateRun(SuiteRunner.java:415)
at org.testng.SuiteRunner.run(SuiteRunner.java:364)
at org.testng.SuiteRunnerWorker.runSuite(SuiteRunnerWorker.java:52)
at org.testng.SuiteRunnerWorker.run(SuiteRunnerWorker.java:84)
at org.testng.TestNG.runSuitesSequentially(TestNG.java:1208)
at org.testng.TestNG.runSuitesLocally(TestNG.java:1137)
at org.testng.TestNG.runSuites(TestNG.java:1049)
at org.testng.TestNG.run(TestNG.java:1017)
at org.testng.remote.AbstractRemoteTestNG.run(AbstractRemoteTestNG.java:115)
at org.testng.remote.RemoteTestNG.initAndRun(RemoteTestNG.java:251)
at org.testng.remote.RemoteTestNG.main(RemoteTestNG.java:77)
]]>
    </failure>
  </testcase> <!-- GiftCards -->
  <testcase classname="com.MyExitTest.tests.OtherOptionsTest" name="AboutUs" time="0.0">
    <ignored/>
  </testcase> <!-- AboutUs -->
  <testcase classname="com.MyExitTest.tests.OtherOptionsTest" name="Advertise" time="0.0">
    <ignored/>
  </testcase> <!-- Advertise -->
  <testcase classname="com.MyExitTest.tests.OtherOptionsTest" name="HelpCenterFlipkart" time="0.0">
    <ignored/>
  </testcase> <!-- HelpCenterFlipkart -->
  <testcase classname="com.MyExitTest.tests.OtherOptionsTest" name="ContactUs" time="0.0">
    <ignored/>
  </testcase> <!-- ContactUs -->
  <testcase classname="com.MyExitTest.tests.OtherOptionsTest" name="Facebook" time="0.0">
    <ignored/>
  </testcase> <!-- Facebook -->
  <testcase classname="com.MyExitTest.tests.OtherOptionsTest" name="Exploreplus" time="0.0">
    <ignored/>
  </testcase> <!-- Exploreplus -->
  <testcase classname="com.MyExitTest.tests.OtherOptionsTest" name="TopOffers" time="0.0">
    <ignored/>
  </testcase> <!-- TopOffers -->
  <testcase classname="com.MyExitTest.tests.OtherOptionsTest" name="FlipkartYoutube" time="0.0">
    <ignored/>
  </testcase> <!-- FlipkartYoutube -->
  <testcase classname="com.MyExitTest.tests.OtherOptionsTest" name="DownloadApp" time="0.0">
    <ignored/>
  </testcase> <!-- DownloadApp -->
  <testcase classname="com.MyExitTest.tests.OtherOptionsTest" name="NotificationPreferences" time="0.0">
    <ignored/>
  </testcase> <!-- NotificationPreferences -->
  <testcase classname="com.MyExitTest.tests.OtherOptionsTest" name="BecomeASeller" time="0.0">
    <ignored/>
  </testcase> <!-- BecomeASeller -->
</testsuite> <!-- Default test -->
