<?xml version="1.0" encoding="UTF-8"?>
<!-- Generated by org.testng.reporters.JUnitXMLReporter -->
<testsuite ignored="10" hostname="IN-HL5L1J3" failures="1" tests="20" name="Test" time="224.298" errors="0" timestamp="14 Jul 2022 13:06:28 GMT">
  <testcase classname="com.MyExitTest.tests.LoginTest" name="ValidUserLoginIn" time="0.582"/>
  <testcase classname="com.MyExitTest.tests.LoginTest" name="InValidUserLogIn" time="0.483"/>
  <testcase classname="com.MyExitTest.tests.LoginTest" name="BlankUserLogIn" time="0.422"/>
  <testcase classname="com.MyExitTest.tests.HomeTest" name="FlipkartHome" time="2.316"/>
  <testcase classname="com.MyExitTest.tests.CartTest" name="CheckCart" time="0.005">
    <skipped/>
  </testcase> <!-- CheckCart -->
  <testcase classname="com.MyExitTest.tests.CartTest" name="AddToCart" time="6.288"/>
  <testcase classname="com.MyExitTest.tests.SearchboxTest" name="Searchbox" time="2.464"/>
  <testcase classname="com.MyExitTest.tests.TravelTest" name="Travel" time="0.005">
    <skipped/>
  </testcase> <!-- Travel -->
  <testcase classname="com.MyExitTest.tests.OtherOptionsTest" name="Exploreplus" time="2.364"/>
  <testcase classname="com.MyExitTest.tests.OtherOptionsTest" name="HelpCenterFlipkart" time="7.107"/>
  <testcase classname="com.MyExitTest.tests.OtherOptionsTest" name="TopOffers" time="4.179"/>
  <testcase classname="com.MyExitTest.tests.OtherOptionsTest" name="Advertise" time="26.309"/>
  <testcase classname="com.MyExitTest.tests.OtherOptionsTest" name="BecomeASeller" time="14.717"/>
  <testcase classname="com.MyExitTest.tests.OtherOptionsTest" name="FlipkartYoutube" time="8.608"/>
  <testcase classname="com.MyExitTest.tests.OtherOptionsTest" name="ContactUs" time="3.591"/>
  <testcase classname="com.MyExitTest.tests.OtherOptionsTest" name="AboutUs" time="3.194"/>
  <testcase classname="com.MyExitTest.tests.OtherOptionsTest" name="NotificationPreferences" time="0.001">
    <skipped/>
  </testcase> <!-- NotificationPreferences -->
  <testcase classname="com.MyExitTest.tests.OtherOptionsTest" name="DownloadApp" time="0.003">
    <skipped/>
  </testcase> <!-- DownloadApp -->
  <testcase classname="com.MyExitTest.tests.OtherOptionsTest" name="GiftCards" time="4.102"/>
  <testcase classname="com.MyExitTest.tests.OtherOptionsTest" name="Facebook" time="6.736">
    <failure type="java.lang.AssertionError" message="Assertion on actual and expected title expected [true] but found [false]">
      <![CDATA[java.lang.AssertionError: Assertion on actual and expected title expected [true] but found [false]
at com.MyExitTest.tests.OtherOptionsTest.Facebook(OtherOptionsTest.java:392)
... Removed 28 stack frames]]>
    </failure>
  </testcase> <!-- Facebook -->
  <testcase classname="com.MyExitTest.tests.BaseTest" name="@BeforeSuite setExtent" time="0.0">
    <ignored/>
  </testcase> <!-- @BeforeSuite setExtent -->
  <testcase classname="com.MyExitTest.tests.BaseTest" name="@BeforeSuite setExtent" time="0.0">
    <ignored/>
  </testcase> <!-- @BeforeSuite setExtent -->
  <testcase classname="com.MyExitTest.tests.BaseTest" name="@BeforeSuite setExtent" time="0.0">
    <ignored/>
  </testcase> <!-- @BeforeSuite setExtent -->
  <testcase classname="com.MyExitTest.tests.BaseTest" name="@BeforeSuite setExtent" time="0.0">
    <ignored/>
  </testcase> <!-- @BeforeSuite setExtent -->
  <testcase classname="com.MyExitTest.tests.BaseTest" name="@BeforeSuite setExtent" time="0.0">
    <ignored/>
  </testcase> <!-- @BeforeSuite setExtent -->
  <testcase classname="com.MyExitTest.tests.BaseTest" name="@AfterSuite endReport" time="0.0">
    <ignored/>
  </testcase> <!-- @AfterSuite endReport -->
  <testcase classname="com.MyExitTest.tests.BaseTest" name="@AfterSuite endReport" time="0.0">
    <ignored/>
  </testcase> <!-- @AfterSuite endReport -->
  <testcase classname="com.MyExitTest.tests.BaseTest" name="@AfterSuite endReport" time="0.0">
    <ignored/>
  </testcase> <!-- @AfterSuite endReport -->
  <testcase classname="com.MyExitTest.tests.BaseTest" name="@AfterSuite endReport" time="0.0">
    <ignored/>
  </testcase> <!-- @AfterSuite endReport -->
  <testcase classname="com.MyExitTest.tests.BaseTest" name="@AfterSuite endReport" time="0.0">
    <ignored/>
  </testcase> <!-- @AfterSuite endReport -->
</testsuite> <!-- Test -->
